DAO.LOG
2023-02-26 18:21:40,034 [INFO] dao: Getting all apartments in city=None, price from=1, price to=9223372036854775807
2023-02-26 18:21:40,035 [INFO] dao: Filtering by price from=1
2023-02-26 18:21:40,035 [INFO] dao: Filtering by price to=9223372036854775807
2023-02-26 18:33:47,384 [INFO] dao: Getting all apartments in city=None, price from=0, price to=0
2023-02-26 18:34:02,554 [INFO] dao: Getting all apartments in city=athens, price from=0, price to=0
2023-02-26 18:34:02,555 [INFO] dao: Filtering by city=athens
2023-02-26 18:34:05,743 [INFO] dao: Getting all apartments in city=None, price from=0, price to=0
2023-02-26 18:35:46,707 [INFO] dao: Getting all apartments in city=None, price from=0, price to=0
2023-02-26 18:36:03,752 [INFO] dao: Getting all apartments in city=athens, price from=0, price to=0
2023-02-26 18:36:03,752 [INFO] dao: Filtering by city=athens
2023-02-26 18:36:14,046 [INFO] dao: Getting all apartments in city=Athens, price from=300, price to=400
2023-02-26 18:36:14,046 [INFO] dao: Filtering by city=Athens
2023-02-26 18:36:14,047 [INFO] dao: Filtering by price from=300
2023-02-26 18:36:14,047 [INFO] dao: Filtering by price to=400
2023-02-26 18:36:18,947 [INFO] dao: Getting apartment with id=1
2023-02-26 18:36:18,949 [INFO] dao: Retrieving features for apartment id 1
2023-02-26 18:36:40,639 [INFO] dao: Getting all apartments in city=None, price from=0, price to=0
2023-02-26 18:37:12,866 [INFO] dao: Getting all apartments in city=athens, price from=0, price to=0
2023-02-26 18:37:12,875 [INFO] dao: Filtering by city=athens
2023-02-26 18:37:21,279 [INFO] dao: Getting all apartments in city=None, price from=0, price to=0
2023-02-26 18:37:23,898 [INFO] dao: Getting all apartments in city=athens, price from=0, price to=0
2023-02-26 18:37:23,898 [INFO] dao: Filtering by city=athens
2023-02-26 18:41:52,859 [INFO] dao: Getting all apartments in city=None, price from=0, price to=0
2023-02-26 18:42:08,981 [INFO] dao: Getting all apartments in city=None, price from=0, price to=0
2023-02-26 18:42:54,804 [INFO] dao: Getting all apartments in city=None, price from=0, price to=0
2023-02-26 18:43:05,270 [INFO] dao: Getting all apartments in city=, price from=0, price to=0
2023-02-26 18:43:21,264 [INFO] dao: Getting all apartments in city=athens, price from=0, price to=0
2023-02-26 18:43:21,264 [INFO] dao: Filtering by city=athens
2023-02-26 18:43:27,465 [INFO] dao: Getting all apartments in city=athens, price from=0, price to=0
2023-02-26 18:43:27,470 [INFO] dao: Filtering by city=athens
2023-02-26 18:45:08,026 [INFO] dao: Getting all apartments in city=, price from=0, price to=9223372036854775807
2023-02-26 18:45:08,033 [INFO] dao: Filtering by price to=9223372036854775807
2023-02-26 18:45:31,925 [INFO] dao: Getting all apartments in city=, price from=1, price to=9223372036854775807
2023-02-26 18:45:31,931 [INFO] dao: Filtering by price from=1
2023-02-26 18:45:31,931 [INFO] dao: Filtering by price to=9223372036854775807
2023-02-26 18:45:44,363 [INFO] dao: Getting all apartments in city=, price from=0, price to=9223372036854775807
2023-02-26 18:45:44,364 [INFO] dao: Filtering by price to=9223372036854775807
2023-02-26 18:45:52,551 [INFO] dao: Getting all apartments in city=, price from=500, price to=9223372036854775807
2023-02-26 18:45:52,552 [INFO] dao: Filtering by price from=500
2023-02-26 18:45:52,552 [INFO] dao: Filtering by price to=9223372036854775807
2023-02-26 18:45:59,496 [INFO] dao: Getting all apartments in city=, price from=0, price to=9223372036854775807
2023-02-26 18:45:59,497 [INFO] dao: Filtering by price to=9223372036854775807
2023-02-26 18:46:38,535 [INFO] dao: Getting all apartments in city=, price from=0, price to=9223372036854775807
2023-02-26 18:46:38,541 [INFO] dao: Filtering by price to=9223372036854775807
2023-02-26 18:47:05,489 [INFO] dao: Getting all apartments in city=, price from=0, price to=9223372036854775807
2023-02-26 18:47:05,494 [INFO] dao: Filtering by price to=9223372036854775807
2023-02-26 18:47:43,218 [INFO] dao: Getting all apartments in city=, price from=0, price to=9223372036854775807
2023-02-26 18:47:43,223 [INFO] dao: Filtering by price to=9223372036854775807
2023-02-26 18:48:31,721 [INFO] dao: Getting all apartments in city=, price from=0, price to=0
2023-02-26 18:48:43,491 [INFO] dao: Getting all apartments in city=, price from=0, price to=600
2023-02-26 18:48:43,491 [INFO] dao: Filtering by price to=600
2023-02-26 18:48:55,152 [INFO] dao: Getting all apartments in city=, price from=0, price to=400
2023-02-26 18:48:55,152 [INFO] dao: Filtering by price to=400
2023-02-26 18:48:59,926 [INFO] dao: Getting all apartments in city=, price from=0, price to=0
2023-02-26 18:53:06,206 [INFO] dao: Getting all apartments in city=, price from=0, price to=0
2023-02-26 18:53:06,248 [INFO] dao: Getting all apartments in city=athens, price from=0, price to=0
2023-02-26 18:53:06,249 [INFO] dao: Filtering by city=athens
2023-02-26 18:53:06,280 [INFO] dao: Getting all apartments in city=, price from=5, price to=10
2023-02-26 18:53:06,280 [INFO] dao: Filtering by price from=5
2023-02-26 18:53:06,280 [INFO] dao: Filtering by price to=10
2023-02-26 18:53:06,304 [INFO] dao: Getting all apartments in city=Athens, price from=300, price to=400
2023-02-26 18:53:06,305 [INFO] dao: Filtering by city=Athens
2023-02-26 18:53:06,305 [INFO] dao: Filtering by price from=300
2023-02-26 18:53:06,305 [INFO] dao: Filtering by price to=400
2023-02-26 18:53:06,328 [INFO] dao: Getting apartment with id=1
2023-02-26 18:53:06,332 [INFO] dao: Retrieving features for apartment id 1
