VIEWS.LOG
2023-02-26 18:21:40,036 [INFO] views: All apartments fetched successfully
2023-02-26 18:23:20,451 [ERROR] views: Error: int() argument must be a string, a bytes-like object or a real number, not 'NoneType'
2023-02-26 18:26:13,782 [ERROR] views: Error: int() argument must be a string, a bytes-like object or a real number, not 'NoneType'
2023-02-26 18:26:53,480 [ERROR] views: Error: int() argument must be a string, a bytes-like object or a real number, not 'NoneType'
2023-02-26 18:33:47,392 [INFO] views: All apartments fetched successfully
2023-02-26 18:34:02,557 [INFO] views: All apartments fetched successfully
2023-02-26 18:34:05,744 [INFO] views: All apartments fetched successfully
2023-02-26 18:34:11,093 [ERROR] views: Error: invalid literal for int() with base 10: ''
2023-02-26 18:34:19,899 [ERROR] views: Error: invalid literal for int() with base 10: ''
2023-02-26 18:35:33,589 [ERROR] views: Error: invalid literal for int() with base 10: ''
2023-02-26 18:35:35,038 [ERROR] views: Error: invalid literal for int() with base 10: ''
2023-02-26 18:35:43,900 [ERROR] views: Error: invalid literal for int() with base 10: ''
2023-02-26 18:35:46,719 [INFO] views: All apartments fetched successfully
2023-02-26 18:36:03,754 [INFO] views: All apartments fetched successfully
2023-02-26 18:36:06,677 [ERROR] views: Error: invalid literal for int() with base 10: ''
2023-02-26 18:36:14,048 [INFO] views: All apartments fetched successfully
2023-02-26 18:36:18,957 [INFO] views: Retrieved apartment details for PK 1
2023-02-26 18:36:40,640 [INFO] views: All apartments fetched successfully
2023-02-26 18:37:12,883 [INFO] views: All apartments fetched successfully
2023-02-26 18:37:21,281 [INFO] views: All apartments fetched successfully
2023-02-26 18:37:23,899 [INFO] views: All apartments fetched successfully
2023-02-26 18:37:27,190 [ERROR] views: Error: invalid literal for int() with base 10: ''
2023-02-26 18:38:07,195 [ERROR] views: Error: invalid literal for int() with base 10: ''
2023-02-26 18:39:19,693 [ERROR] views: Error: invalid literal for int() with base 10: ''
2023-02-26 18:39:28,070 [ERROR] views: Error: invalid literal for int() with base 10: ''
2023-02-26 18:40:25,464 [ERROR] views: Error: invalid literal for int() with base 10: ''
2023-02-26 18:40:38,722 [ERROR] views: Error: invalid literal for int() with base 10: ''
2023-02-26 18:41:23,836 [ERROR] views: Error: invalid literal for int() with base 10: ''
2023-02-26 18:41:52,869 [INFO] views: All apartments fetched successfully
2023-02-26 18:42:08,989 [INFO] views: All apartments fetched successfully
2023-02-26 18:42:54,822 [INFO] views: All apartments fetched successfully
2023-02-26 18:43:05,281 [INFO] views: All apartments fetched successfully
2023-02-26 18:43:21,266 [INFO] views: All apartments fetched successfully
2023-02-26 18:43:27,476 [INFO] views: All apartments fetched successfully
2023-02-26 18:43:35,775 [ERROR] views: Error: invalid literal for int() with base 10: ''
2023-02-26 18:44:07,117 [ERROR] views: Error: could not convert string to float: ''
2023-02-26 18:44:24,415 [ERROR] views: Error: invalid literal for int() with base 10: ''
2023-02-26 18:44:33,444 [ERROR] views: Error: invalid literal for int() with base 10: ''
2023-02-26 18:44:47,600 [ERROR] views: Error: invalid literal for int() with base 10: ''
2023-02-26 18:45:08,037 [INFO] views: All apartments fetched successfully
2023-02-26 18:45:31,935 [INFO] views: All apartments fetched successfully
2023-02-26 18:45:44,365 [INFO] views: All apartments fetched successfully
2023-02-26 18:45:52,553 [INFO] views: All apartments fetched successfully
2023-02-26 18:45:59,499 [INFO] views: All apartments fetched successfully
2023-02-26 18:46:38,546 [INFO] views: All apartments fetched successfully
2023-02-26 18:47:05,499 [INFO] views: All apartments fetched successfully
2023-02-26 18:47:43,228 [INFO] views: All apartments fetched successfully
2023-02-26 18:48:31,723 [INFO] views: All apartments fetched successfully
2023-02-26 18:48:43,492 [INFO] views: All apartments fetched successfully
2023-02-26 18:48:55,153 [INFO] views: All apartments fetched successfully
2023-02-26 18:48:59,927 [INFO] views: All apartments fetched successfully
2023-02-26 18:53:06,215 [INFO] views: All apartments fetched successfully
2023-02-26 18:53:06,252 [INFO] views: All apartments fetched successfully
2023-02-26 18:53:06,282 [INFO] views: All apartments fetched successfully
2023-02-26 18:53:06,307 [INFO] views: All apartments fetched successfully
2023-02-26 18:53:06,334 [INFO] views: Retrieved apartment details for PK 1
